Name	NumRotors	NumConfs	CPUtime
Unnamed	3	16	1.1310
Unnamed	3	4	1.1450
Unnamed	3	4	1.1650
Unnamed	1	1	1.1760
Fragment	4	10	0.0630
Unnamed	4	12	1.2090
Fragment	2	3	0.0570
Fragment	5	21	0.0670
Fragment	4	9	0.1420
Fragment	4	32	0.1340
Fragment	4	6	0.0660
Fragment	4	20	0.0710
Fragment	2	6	0.0480
Fragment	5	12	0.0790
Fragment	5	17	0.2050
Fragment	4	32	0.0610
Fragment	4	64	0.0680
Fragment	3	16	0.0740
Fragment	4	43	0.0760
Fragment	6	58	0.3020
Fragment	5	33	0.1700
Fragment	5	51	0.1090
Fragment	4	38	0.1760
Fragment	1	3	0.0540
Fragment	4	125	0.1630
